error: info Server started on 4000 {"timestamp":"2021-01-10T00:43:12.106Z"}
error: Error: Validation login {"timestamp":"2021-01-10T00:48:41.786Z"}
error: Validation login {"timestamp":"2021-01-10T00:55:48.560Z"}
error: Validation login {"timestamp":"2021-01-10T00:55:52.813Z"}
error: Validation register {"timestamp":"2021-01-10T00:56:46.253Z"}
error: Validation register {"timestamp":"2021-01-10T00:56:46.281Z"}
error: Validation register {"timestamp":"2021-01-10T00:56:46.294Z"}
error: Validation register {"timestamp":"2021-01-10T00:56:46.303Z"}
error: Validation changePassword {"timestamp":"2021-01-10T00:56:47.178Z"}
error: Validation changePassword {"timestamp":"2021-01-10T00:56:47.238Z"}
error: Validation changePassword {"timestamp":"2021-01-10T00:56:47.256Z"}
error: Validation updateInfo {"timestamp":"2021-01-10T00:56:47.823Z"}
error: Validation login {"timestamp":"2021-01-10T00:56:50.640Z"}
error: Validation login {"timestamp":"2021-01-10T00:56:50.646Z"}
error: Validation login {"timestamp":"2021-01-10T00:56:51.424Z"}
error: Validation login {"timestamp":"2021-01-10T00:56:51.435Z"}
error: Validation addOrder {"timestamp":"2021-01-10T00:56:54.139Z"}
error: Validation addOrder {"timestamp":"2021-01-10T00:56:54.147Z"}
error: Validation addOrder {"timestamp":"2021-01-10T00:56:54.155Z"}
error: Validation editOrder {"timestamp":"2021-01-10T00:56:54.561Z"}
error: Validation editOrder {"timestamp":"2021-01-10T00:56:54.572Z"}
error: Validation deleteOrder {"timestamp":"2021-01-10T00:56:54.956Z"}
error: Validation deleteOrder {"timestamp":"2021-01-10T00:56:54.963Z"}
error: Validation addProduct {"timestamp":"2021-01-10T00:57:01.820Z"}
error: Validation addProduct {"timestamp":"2021-01-10T00:57:01.851Z"}
error: Validation addProduct {"timestamp":"2021-01-10T00:57:01.860Z"}
error: Validation addProduct {"timestamp":"2021-01-10T00:57:01.868Z"}
error: Validation addProduct {"timestamp":"2021-01-10T00:57:01.873Z"}
error: Validation register {"timestamp":"2021-01-10T00:57:07.222Z"}
error: Validation register {"timestamp":"2021-01-10T00:57:07.228Z"}
error: Validation register {"timestamp":"2021-01-10T00:57:07.238Z"}
error: Validation register {"timestamp":"2021-01-10T00:57:07.247Z"}
error: Validation register {"timestamp":"2021-01-10T00:57:07.254Z"}
error: Validation changePassword {"timestamp":"2021-01-10T00:57:08.143Z"}
error: Validation changePassword {"timestamp":"2021-01-10T00:57:08.158Z"}
error: Validation changePassword {"timestamp":"2021-01-10T00:57:08.165Z"}
error: Validation updateInfo {"timestamp":"2021-01-10T00:57:08.613Z"}
error: Validation forgetPassword {"timestamp":"2021-01-10T00:57:10.449Z"}
