{"message":"Server started on 4000","level":"info"}
{"message":"Server started on 4000","level":"info"}
{"level":"info","message":"Server started on 4000"}
{"level":"info","message":"Server started on 4000"}
{"level":"info","message":"Server started on 4000"}
undefined
{"level":"info","message":"Server started on 4000"}
{"level":"info","message":"Server started on 4000"}
{"level":"info","message":"Server started on 4000"}
{"level":"info","message":"Server started on 4000"}
{"level":"info","message":"Server started on 4000"}
undefined
undefined
undefined
undefined
undefined
undefined
{"message":"info Server started on 4000","level":"info"}
{"message":"info Server started on 4000","level":"info"}
info: info Server started on 4000 {"timestamp":"2021-01-10T00:42:50.680Z"}
info: info Server started on 4000 {"timestamp":"2021-01-10T00:42:53.667Z"}
error: info Server started on 4000 {"timestamp":"2021-01-10T00:43:12.107Z"}
info: info Server started on 4000 {"timestamp":"2021-01-10T00:43:29.701Z"}
info: info Server started on 4000 {"timestamp":"2021-01-10T00:45:08.402Z"}
info: info Server started on 4000 {"timestamp":"2021-01-10T00:48:04.335Z"}
info: Login with nrx2 {"timestamp":"2021-01-10T00:48:34.579Z"}
error: Error: Validation login {"timestamp":"2021-01-10T00:48:41.788Z"}
info: info Server started on 4000 {"timestamp":"2021-01-10T00:49:00.884Z"}
info: info Server started on 4000 {"timestamp":"2021-01-10T00:49:22.994Z"}
info: info Server started on 4000 {"timestamp":"2021-01-10T00:49:41.687Z"}
info: info Server started on 4000 {"timestamp":"2021-01-10T00:49:56.714Z"}
info: info Server started on 4000 {"timestamp":"2021-01-10T00:50:09.764Z"}
info: info Server started on 4000 {"timestamp":"2021-01-10T00:50:22.705Z"}
info: info Server started on 4000 {"timestamp":"2021-01-10T00:52:20.883Z"}
info: info Server started on 4000 {"timestamp":"2021-01-10T00:53:53.244Z"}
info: info Server started on 4000 {"timestamp":"2021-01-10T00:54:12.644Z"}
info: info Server started on 4000 {"timestamp":"2021-01-10T00:54:41.029Z"}
info: info Server started on 4000 {"timestamp":"2021-01-10T00:55:38.654Z"}
info: info Server started on 4000 {"timestamp":"2021-01-10T00:55:45.240Z"}
error: Validation login {"timestamp":"2021-01-10T00:55:48.560Z"}
error: Validation login {"timestamp":"2021-01-10T00:55:52.813Z"}
info: Login with nrx2 {"timestamp":"2021-01-10T00:55:58.081Z"}
info: Login with nrx1 {"timestamp":"2021-01-10T00:56:09.716Z"}
info: Login with nrx2 {"timestamp":"2021-01-10T00:56:14.940Z"}
info: Login with admin2 {"timestamp":"2021-01-10T00:56:22.807Z"}
info: info Server started on 4000 {"timestamp":"2021-01-10T00:56:39.116Z"}
info: register username : admin1122222 {"timestamp":"2021-01-10T00:56:45.272Z"}
info: register username : admin112222233333 {"timestamp":"2021-01-10T00:56:45.801Z"}
error: Validation register {"timestamp":"2021-01-10T00:56:46.255Z"}
error: Validation register {"timestamp":"2021-01-10T00:56:46.282Z"}
error: Validation register {"timestamp":"2021-01-10T00:56:46.294Z"}
error: Validation register {"timestamp":"2021-01-10T00:56:46.303Z"}
info: changePassword product by id: 5ff32e4fc2ddc823d59b2526 {"timestamp":"2021-01-10T00:56:46.309Z"}
error: Validation changePassword {"timestamp":"2021-01-10T00:56:47.180Z"}
info: changePassword product by id: 5ff32e4fc2ddc823d56 {"timestamp":"2021-01-10T00:56:47.204Z"}
error: Validation changePassword {"timestamp":"2021-01-10T00:56:47.239Z"}
error: Validation changePassword {"timestamp":"2021-01-10T00:56:47.256Z"}
error: Validation updateInfo {"timestamp":"2021-01-10T00:56:47.824Z"}
info: deleteIdUser id: 5ff3f8013c27154d3db6f4dd {"timestamp":"2021-01-10T00:56:48.588Z"}
info: deleteIdUser id: 5ff3f83e6f711e4d676063b {"timestamp":"2021-01-10T00:56:48.964Z"}
info: deleteUsername username: admin112255 {"timestamp":"2021-01-10T00:56:48.982Z"}
info: deleteUsername username: admin1122 {"timestamp":"2021-01-10T00:56:49.369Z"}
info: Login with nrx2 {"timestamp":"2021-01-10T00:56:49.730Z"}
error: Validation login {"timestamp":"2021-01-10T00:56:50.640Z"}
error: Validation login {"timestamp":"2021-01-10T00:56:50.646Z"}
info: Login with admin2 {"timestamp":"2021-01-10T00:56:50.652Z"}
error: Validation login {"timestamp":"2021-01-10T00:56:51.424Z"}
error: Validation login {"timestamp":"2021-01-10T00:56:51.435Z"}
error: Validation addOrder {"timestamp":"2021-01-10T00:56:54.139Z"}
error: Validation addOrder {"timestamp":"2021-01-10T00:56:54.147Z"}
error: Validation addOrder {"timestamp":"2021-01-10T00:56:54.155Z"}
error: Validation editOrder {"timestamp":"2021-01-10T00:56:54.561Z"}
error: Validation editOrder {"timestamp":"2021-01-10T00:56:54.572Z"}
error: Validation deleteOrder {"timestamp":"2021-01-10T00:56:54.957Z"}
error: Validation deleteOrder {"timestamp":"2021-01-10T00:56:54.963Z"}
info: Add product by : 5fea2a46474dd34da20aa3f5 {"timestamp":"2021-01-10T00:57:01.393Z"}
error: Validation addProduct {"timestamp":"2021-01-10T00:57:01.821Z"}
error: Validation addProduct {"timestamp":"2021-01-10T00:57:01.852Z"}
error: Validation addProduct {"timestamp":"2021-01-10T00:57:01.860Z"}
error: Validation addProduct {"timestamp":"2021-01-10T00:57:01.868Z"}
error: Validation addProduct {"timestamp":"2021-01-10T00:57:01.873Z"}
info: Add product by : 5fea2a46474dd34da20aa3f5 {"timestamp":"2021-01-10T00:57:01.881Z"}
info: register username : nguyendat3328 {"timestamp":"2021-01-10T00:57:06.433Z"}
error: Validation register {"timestamp":"2021-01-10T00:57:07.222Z"}
error: Validation register {"timestamp":"2021-01-10T00:57:07.229Z"}
error: Validation register {"timestamp":"2021-01-10T00:57:07.238Z"}
error: Validation register {"timestamp":"2021-01-10T00:57:07.247Z"}
error: Validation register {"timestamp":"2021-01-10T00:57:07.254Z"}
info: changePassword product by id: 5ff686074c1ab616ea289d5d {"timestamp":"2021-01-10T00:57:07.261Z"}
error: Validation changePassword {"timestamp":"2021-01-10T00:57:08.143Z"}
info: changePassword product by id: 5ff770e492ea1f18ef4075 {"timestamp":"2021-01-10T00:57:08.151Z"}
error: Validation changePassword {"timestamp":"2021-01-10T00:57:08.158Z"}
error: Validation changePassword {"timestamp":"2021-01-10T00:57:08.165Z"}
error: Validation updateInfo {"timestamp":"2021-01-10T00:57:08.615Z"}
info: deleteIdUser id: 5fecedf9b2a97a3e4e638a9e {"timestamp":"2021-01-10T00:57:09.489Z"}
info: deleteIdUser id: 5fea2a46474dd34da20aa3 {"timestamp":"2021-01-10T00:57:09.842Z"}
info: deleteUsername username: user44 {"timestamp":"2021-01-10T00:57:09.849Z"}
info: deleteUsername username: userX123 {"timestamp":"2021-01-10T00:57:09.870Z"}
info: forgetPassword product by id: 5fec91203ad66522117d133a {"timestamp":"2021-01-10T00:57:09.876Z"}
info: forgetPassword product by id: 5fec91203ad66522117d13 {"timestamp":"2021-01-10T00:57:10.270Z"}
error: Validation forgetPassword {"timestamp":"2021-01-10T00:57:10.449Z"}
